mode: atomic
github.com/geekmdio/noted/src/create/notebuilder.go:12.44,17.2 4 6
github.com/geekmdio/noted/src/create/notebuilder.go:20.53,23.2 2 1
github.com/geekmdio/noted/src/create/notebuilder.go:25.77,28.2 2 1
github.com/geekmdio/noted/src/create/notebuilder.go:30.63,33.2 2 1
github.com/geekmdio/noted/src/create/notebuilder.go:35.64,38.2 2 1
github.com/geekmdio/noted/src/create/notebuilder.go:40.65,43.2 2 1
github.com/geekmdio/noted/src/create/notebuilder.go:45.63,48.2 2 1
github.com/geekmdio/noted/src/create/notebuilder.go:50.44,52.2 1 6
github.com/geekmdio/noted/src/create/notefragmentbuilder.go:12.84,20.2 7 0
github.com/geekmdio/noted/src/create/notefragmentbuilder.go:22.69,25.2 2 0
github.com/geekmdio/noted/src/create/notefragmentbuilder.go:27.93,30.2 2 0
github.com/geekmdio/noted/src/create/notefragmentbuilder.go:32.84,35.2 2 0
github.com/geekmdio/noted/src/create/notefragmentbuilder.go:37.76,40.2 2 0
github.com/geekmdio/noted/src/create/notefragmentbuilder.go:42.91,45.2 2 0
github.com/geekmdio/noted/src/create/notefragmentbuilder.go:47.91,50.2 2 0
github.com/geekmdio/noted/src/create/notefragmentbuilder.go:52.85,55.2 2 0
github.com/geekmdio/noted/src/create/notefragmentbuilder.go:57.82,60.2 2 0
github.com/geekmdio/noted/src/create/notefragmentbuilder.go:62.60,64.2 1 0
github.com/geekmdio/noted/demo.go:12.13,53.16 9 0
github.com/geekmdio/noted/demo.go:56.2,60.29 4 0
github.com/geekmdio/noted/demo.go:53.16,55.3 1 0
github.com/geekmdio/noted/src/create/guidhelpers.go:8.34,10.16 2 11
github.com/geekmdio/noted/src/create/guidhelpers.go:13.2,14.19 2 11
github.com/geekmdio/noted/src/create/guidhelpers.go:10.16,12.3 1 0
